<?xml version="1.0" encoding="UTF-8"?>
<!-- Generated by org.testng.reporters.JUnitXMLReporter -->
<testsuite hostname="LAPTOP-FR81P7PN" ignored="0" name="Test" tests="10" failures="2" timestamp="2020-07-31T12:41:41 IST" time="0.07" errors="0">
  <testcase name="homePageValidation" time="0.01" classname="com.testng.retryanalyzer.SampleTest">
    <skipped/>
  </testcase> <!-- homePageValidation -->
  <testcase name="homePageValidation" time="0.001" classname="com.testng.retryanalyzer.SampleTest">
    <skipped/>
  </testcase> <!-- homePageValidation -->
  <testcase name="homePageValidation" time="0.001" classname="com.testng.retryanalyzer.SampleTest">
    <skipped/>
  </testcase> <!-- homePageValidation -->
  <testcase name="homePageValidation" time="0.001" classname="com.testng.retryanalyzer.SampleTest">
    <skipped/>
  </testcase> <!-- homePageValidation -->
  <testcase name="homePageValidation" time="0.001" classname="com.testng.retryanalyzer.SampleTest">
    <failure type="java.lang.AssertionError" message="expected [Amazon.com] but found [Amazon]">
      <![CDATA[java.lang.AssertionError: expected [Amazon.com] but found [Amazon]
at com.testng.retryanalyzer.SampleTest.homePageValidation(SampleTest.java:16)
at java.util.ArrayList.forEach(ArrayList.java:1257)
... Removed 32 stack frames]]>
    </failure>
  </testcase> <!-- homePageValidation -->
  <testcase name="usernameValidation" time="0.001" classname="com.testng.retryanalyzer.SampleTest">
    <skipped/>
  </testcase> <!-- usernameValidation -->
  <testcase name="usernameValidation" time="0.001" classname="com.testng.retryanalyzer.SampleTest">
    <skipped/>
  </testcase> <!-- usernameValidation -->
  <testcase name="usernameValidation" time="0.0" classname="com.testng.retryanalyzer.SampleTest">
    <skipped/>
  </testcase> <!-- usernameValidation -->
  <testcase name="usernameValidation" time="0.001" classname="com.testng.retryanalyzer.SampleTest">
    <skipped/>
  </testcase> <!-- usernameValidation -->
  <testcase name="usernameValidation" time="0.001" classname="com.testng.retryanalyzer.SampleTest">
    <failure type="java.lang.AssertionError" message="expected [Arunkumar] but found [Arun]">
      <![CDATA[java.lang.AssertionError: expected [Arunkumar] but found [Arun]
at com.testng.retryanalyzer.SampleTest.usernameValidation(SampleTest.java:10)
at java.util.ArrayList.forEach(ArrayList.java:1257)
... Removed 32 stack frames]]>
    </failure>
  </testcase> <!-- usernameValidation -->
</testsuite> <!-- Test -->
